<?xml version="1.0" encoding="UTF-8"?>
<!-- Generated by org.testng.reporters.JUnitReportReporter -->
<testsuite hostname="iDeliver20-PC" name="com.AP.qa.test.TC002_Multiple_Products_Checkout_2" tests="4" failures="0" timestamp="9 Nov 2020 17:00:09 GMT" time="35.123" errors="0">
  <testcase name="MultiplePro" time="7.617" classname="com.AP.qa.test.TC002_Multiple_Products_Checkout_2"/>
  <testcase name="LoginTest" time="9.642" classname="com.AP.qa.test.TC002_Multiple_Products_Checkout_2"/>
  <testcase name="PaymentTest" time="11.292" classname="com.AP.qa.test.TC002_Multiple_Products_Checkout_2"/>
  <testcase name="LogoutTest" time="6.572" classname="com.AP.qa.test.TC002_Multiple_Products_Checkout_2"/>
</testsuite> <!-- com.AP.qa.test.TC002_Multiple_Products_Checkout_2 -->
