<?xml version="1.0" encoding="UTF-8"?>
<!-- Generated by org.testng.reporters.JUnitReportReporter -->
<testsuite hostname="iDeliver20-PC" name="com.AP.qa.test.TC001_Single_Product_Checkout" tests="4" failures="0" timestamp="9 Nov 2020 17:00:09 GMT" time="37.748" errors="0">
  <testcase name="LoginTest" time="10.647" classname="com.AP.qa.test.TC001_Single_Product_Checkout"/>
  <testcase name="BookingTest" time="10.401" classname="com.AP.qa.test.TC001_Single_Product_Checkout"/>
  <testcase name="PaymentTest" time="13.176" classname="com.AP.qa.test.TC001_Single_Product_Checkout"/>
  <testcase name="LogoutTest" time="3.524" classname="com.AP.qa.test.TC001_Single_Product_Checkout"/>
</testsuite> <!-- com.AP.qa.test.TC001_Single_Product_Checkout -->
