<?xml version="1.0" encoding="UTF-8"?>
<!-- Generated by org.testng.reporters.JUnitReportReporter -->
<testsuite hostname="iDeliver20-PC" name="com.AP.qa.test.TC001_Single_Product_Checkout" tests="4" failures="0" timestamp="10 Nov 2020 17:26:50 GMT" time="29.677" errors="0">
  <testcase name="LogoutTest" time="3.917" classname="com.AP.qa.test.TC001_Single_Product_Checkout"/>
  <testcase name="PaymentTest" time="9.748" classname="com.AP.qa.test.TC001_Single_Product_Checkout"/>
  <testcase name="LoginTest" time="9.245" classname="com.AP.qa.test.TC001_Single_Product_Checkout"/>
  <testcase name="BookingTest" time="6.767" classname="com.AP.qa.test.TC001_Single_Product_Checkout"/>
</testsuite> <!-- com.AP.qa.test.TC001_Single_Product_Checkout -->
