<?xml version="1.0" encoding="UTF-8"?>
<!-- Generated by org.testng.reporters.JUnitReportReporter -->
<testsuite hostname="iDeliver20-PC" name="com.AP.qa.test.TC001_Single_Product_Checkout" tests="5" failures="0" timestamp="13 Nov 2020 17:17:51 GMT" time="28.830" errors="0">
  <testcase name="Booking_Test" time="6.539" classname="com.AP.qa.test.TC001_Single_Product_Checkout"/>
  <testcase name="CheckOut_Test" time="2.841" classname="com.AP.qa.test.TC001_Single_Product_Checkout"/>
  <testcase name="Logout_Test" time="3.795" classname="com.AP.qa.test.TC001_Single_Product_Checkout"/>
  <testcase name="FinalPayment_Test" time="7.878" classname="com.AP.qa.test.TC001_Single_Product_Checkout"/>
  <testcase name="Login_Test" time="7.777" classname="com.AP.qa.test.TC001_Single_Product_Checkout"/>
</testsuite> <!-- com.AP.qa.test.TC001_Single_Product_Checkout -->
