<?xml version="1.0" encoding="UTF-8"?>
<!-- Generated by org.testng.reporters.JUnitReportReporter -->
<testsuite hostname="iDeliver20-PC" name="com.AP.qa.test.TC001_Single_Product_Checkout" tests="4" failures="0" timestamp="9 Nov 2020 17:22:41 GMT" time="35.801" errors="0">
  <testcase name="LoginTest" time="7.611" classname="com.AP.qa.test.TC001_Single_Product_Checkout"/>
  <testcase name="BookingTest" time="11.142" classname="com.AP.qa.test.TC001_Single_Product_Checkout"/>
  <testcase name="PaymentTest" time="12.688" classname="com.AP.qa.test.TC001_Single_Product_Checkout"/>
  <testcase name="LogoutTest" time="4.360" classname="com.AP.qa.test.TC001_Single_Product_Checkout"/>
</testsuite> <!-- com.AP.qa.test.TC001_Single_Product_Checkout -->
