<?xml version="1.0" encoding="UTF-8"?>
<!-- Generated by org.testng.reporters.JUnitReportReporter -->
<testsuite hostname="iDeliver20-PC" name="com.AP.qa.test.TC001_Single_Product_Checkout" tests="4" failures="0" timestamp="6 Nov 2020 16:49:48 GMT" time="34.943" errors="0">
  <testcase name="LogoutTest" time="3.647" classname="com.AP.qa.test.TC001_Single_Product_Checkout"/>
  <testcase name="LoginTest" time="12.505" classname="com.AP.qa.test.TC001_Single_Product_Checkout"/>
  <testcase name="BookingTest" time="8.403" classname="com.AP.qa.test.TC001_Single_Product_Checkout"/>
  <testcase name="PaymentTest" time="10.388" classname="com.AP.qa.test.TC001_Single_Product_Checkout"/>
</testsuite> <!-- com.AP.qa.test.TC001_Single_Product_Checkout -->
